<?xml version="1.0" encoding="UTF-8"?>
<robot generator="Robot 6.1.1 (Python 3.11.4 on win32)" generated="20230901 13:38:06.936" rpa="false" schemaversion="4">
<suite id="s1" name="Login" source="D:\Downloads\MII\Mobile-Automation-Test\login.robot">
<kw name="Open Browser" library="SeleniumLibrary" type="SETUP">
<arg>${WebSauceDemo}</arg>
<arg>${BROWSER}</arg>
<doc>Opens a new browser instance to the optional ``url``.</doc>
<msg timestamp="20230901 13:38:07.485" level="INFO">Opening browser 'chrome' to base url 'https://www.saucedemo.com/'.</msg>
<status status="PASS" starttime="20230901 13:38:07.485" endtime="20230901 13:38:11.008"/>
</kw>
<test id="s1-t1" name="User Login with Valid Data" line="39">
<kw name="Input valid Username">
<kw name="Wait Until Element Is Visible" library="SeleniumLibrary">
<arg>${usernameField}</arg>
<doc>Waits until the element ``locator`` is visible.</doc>
<status status="PASS" starttime="20230901 13:38:11.012" endtime="20230901 13:38:11.109"/>
</kw>
<kw name="Input Text" library="SeleniumLibrary">
<arg>${usernameField}</arg>
<arg>standard_user</arg>
<doc>Types the given ``text`` into the text field identified by ``locator``.</doc>
<msg timestamp="20230901 13:38:11.109" level="INFO">Typing text 'standard_user' into text field '//input[@id='user-name']'.</msg>
<status status="PASS" starttime="20230901 13:38:11.109" endtime="20230901 13:38:11.385"/>
</kw>
<status status="PASS" starttime="20230901 13:38:11.012" endtime="20230901 13:38:11.385"/>
</kw>
<kw name="Input valid Password">
<kw name="Input Text" library="SeleniumLibrary">
<arg>${passwordField}</arg>
<arg>secret_sauce</arg>
<doc>Types the given ``text`` into the text field identified by ``locator``.</doc>
<msg timestamp="20230901 13:38:11.385" level="INFO">Typing text 'secret_sauce' into text field '//input[@id='password']'.</msg>
<status status="PASS" starttime="20230901 13:38:11.385" endtime="20230901 13:38:11.570"/>
</kw>
<status status="PASS" starttime="20230901 13:38:11.385" endtime="20230901 13:38:11.570"/>
</kw>
<kw name="Click button login">
<kw name="Click Element" library="SeleniumLibrary">
<arg>${buttonLogin}</arg>
<doc>Click the element identified by ``locator``.</doc>
<msg timestamp="20230901 13:38:11.570" level="INFO">Clicking element '//*[@id="login-button"]'.</msg>
<status status="PASS" starttime="20230901 13:38:11.570" endtime="20230901 13:38:11.774"/>
</kw>
<kw name="Sleep" library="BuiltIn">
<arg>1s</arg>
<doc>Pauses the test executed for the given time.</doc>
<msg timestamp="20230901 13:38:12.774" level="INFO">Slept 1 second</msg>
<status status="PASS" starttime="20230901 13:38:11.774" endtime="20230901 13:38:12.774"/>
</kw>
<status status="PASS" starttime="20230901 13:38:11.570" endtime="20230901 13:38:12.774"/>
</kw>
<kw name="Verify on Login Page">
<kw name="Page Should Contain" library="SeleniumLibrary">
<arg>Products</arg>
<doc>Verifies that current page contains ``text``.</doc>
<msg timestamp="20230901 13:38:12.785" level="INFO">Current page contains text 'Products'.</msg>
<status status="PASS" starttime="20230901 13:38:12.774" endtime="20230901 13:38:12.785"/>
</kw>
<status status="PASS" starttime="20230901 13:38:12.774" endtime="20230901 13:38:12.785"/>
</kw>
<kw name="Close Browser" library="SeleniumLibrary">
<doc>Closes the current browser.</doc>
<status status="PASS" starttime="20230901 13:38:12.785" endtime="20230901 13:38:15.093"/>
</kw>
<status status="PASS" starttime="20230901 13:38:11.008" endtime="20230901 13:38:15.093"/>
</test>
<test id="s1-t2" name="User Login with Invalid Username" line="46">
<kw name="Open Browser" library="SeleniumLibrary">
<arg>${WebSauceDemo}</arg>
<arg>${BROWSER}</arg>
<doc>Opens a new browser instance to the optional ``url``.</doc>
<msg timestamp="20230901 13:38:15.093" level="INFO">Opening browser 'chrome' to base url 'https://www.saucedemo.com/'.</msg>
<status status="PASS" starttime="20230901 13:38:15.093" endtime="20230901 13:38:19.221"/>
</kw>
<kw name="Input invalid Username">
<kw name="Wait Until Element Is Visible" library="SeleniumLibrary">
<arg>${usernameField}</arg>
<doc>Waits until the element ``locator`` is visible.</doc>
<status status="PASS" starttime="20230901 13:38:19.221" endtime="20230901 13:38:19.295"/>
</kw>
<kw name="Input Text" library="SeleniumLibrary">
<arg>${usernameField}</arg>
<arg>invaliduname</arg>
<doc>Types the given ``text`` into the text field identified by ``locator``.</doc>
<msg timestamp="20230901 13:38:19.295" level="INFO">Typing text 'invaliduname' into text field '//input[@id='user-name']'.</msg>
<status status="PASS" starttime="20230901 13:38:19.295" endtime="20230901 13:38:19.565"/>
</kw>
<status status="PASS" starttime="20230901 13:38:19.221" endtime="20230901 13:38:19.565"/>
</kw>
<kw name="Input valid Password">
<kw name="Input Text" library="SeleniumLibrary">
<arg>${passwordField}</arg>
<arg>secret_sauce</arg>
<doc>Types the given ``text`` into the text field identified by ``locator``.</doc>
<msg timestamp="20230901 13:38:19.571" level="INFO">Typing text 'secret_sauce' into text field '//input[@id='password']'.</msg>
<status status="PASS" starttime="20230901 13:38:19.565" endtime="20230901 13:38:19.743"/>
</kw>
<status status="PASS" starttime="20230901 13:38:19.565" endtime="20230901 13:38:19.743"/>
</kw>
<kw name="Click button login">
<kw name="Click Element" library="SeleniumLibrary">
<arg>${buttonLogin}</arg>
<doc>Click the element identified by ``locator``.</doc>
<msg timestamp="20230901 13:38:19.743" level="INFO">Clicking element '//*[@id="login-button"]'.</msg>
<status status="PASS" starttime="20230901 13:38:19.743" endtime="20230901 13:38:19.856"/>
</kw>
<kw name="Sleep" library="BuiltIn">
<arg>1s</arg>
<doc>Pauses the test executed for the given time.</doc>
<msg timestamp="20230901 13:38:20.856" level="INFO">Slept 1 second</msg>
<status status="PASS" starttime="20230901 13:38:19.856" endtime="20230901 13:38:20.856"/>
</kw>
<status status="PASS" starttime="20230901 13:38:19.743" endtime="20230901 13:38:20.856"/>
</kw>
<kw name="Close Browser" library="SeleniumLibrary">
<doc>Closes the current browser.</doc>
<status status="PASS" starttime="20230901 13:38:20.856" endtime="20230901 13:38:23.148"/>
</kw>
<status status="PASS" starttime="20230901 13:38:15.093" endtime="20230901 13:38:23.148"/>
</test>
<test id="s1-t3" name="User Login with Invalid Password" line="53">
<kw name="Open Browser" library="SeleniumLibrary">
<arg>${WebSauceDemo}</arg>
<arg>${BROWSER}</arg>
<doc>Opens a new browser instance to the optional ``url``.</doc>
<msg timestamp="20230901 13:38:23.148" level="INFO">Opening browser 'chrome' to base url 'https://www.saucedemo.com/'.</msg>
<status status="PASS" starttime="20230901 13:38:23.148" endtime="20230901 13:38:26.583"/>
</kw>
<kw name="Input valid Username">
<kw name="Wait Until Element Is Visible" library="SeleniumLibrary">
<arg>${usernameField}</arg>
<doc>Waits until the element ``locator`` is visible.</doc>
<status status="PASS" starttime="20230901 13:38:26.583" endtime="20230901 13:38:26.696"/>
</kw>
<kw name="Input Text" library="SeleniumLibrary">
<arg>${usernameField}</arg>
<arg>standard_user</arg>
<doc>Types the given ``text`` into the text field identified by ``locator``.</doc>
<msg timestamp="20230901 13:38:26.696" level="INFO">Typing text 'standard_user' into text field '//input[@id='user-name']'.</msg>
<status status="PASS" starttime="20230901 13:38:26.696" endtime="20230901 13:38:26.975"/>
</kw>
<status status="PASS" starttime="20230901 13:38:26.583" endtime="20230901 13:38:26.975"/>
</kw>
<kw name="Input invalid Password">
<kw name="Wait Until Element Is Visible" library="SeleniumLibrary">
<arg>${passwordField}</arg>
<doc>Waits until the element ``locator`` is visible.</doc>
<status status="PASS" starttime="20230901 13:38:26.975" endtime="20230901 13:38:27.022"/>
</kw>
<kw name="Input Text" library="SeleniumLibrary">
<arg>${passwordField}</arg>
<arg>invalidpass</arg>
<doc>Types the given ``text`` into the text field identified by ``locator``.</doc>
<msg timestamp="20230901 13:38:27.022" level="INFO">Typing text 'invalidpass' into text field '//input[@id='password']'.</msg>
<status status="PASS" starttime="20230901 13:38:27.022" endtime="20230901 13:38:27.177"/>
</kw>
<status status="PASS" starttime="20230901 13:38:26.975" endtime="20230901 13:38:27.177"/>
</kw>
<kw name="Click button login">
<kw name="Click Element" library="SeleniumLibrary">
<arg>${buttonLogin}</arg>
<doc>Click the element identified by ``locator``.</doc>
<msg timestamp="20230901 13:38:27.181" level="INFO">Clicking element '//*[@id="login-button"]'.</msg>
<status status="PASS" starttime="20230901 13:38:27.180" endtime="20230901 13:38:27.295"/>
</kw>
<kw name="Sleep" library="BuiltIn">
<arg>1s</arg>
<doc>Pauses the test executed for the given time.</doc>
<msg timestamp="20230901 13:38:28.298" level="INFO">Slept 1 second</msg>
<status status="PASS" starttime="20230901 13:38:27.298" endtime="20230901 13:38:28.298"/>
</kw>
<status status="PASS" starttime="20230901 13:38:27.177" endtime="20230901 13:38:28.298"/>
</kw>
<kw name="Close Browser" library="SeleniumLibrary">
<doc>Closes the current browser.</doc>
<status status="PASS" starttime="20230901 13:38:28.298" endtime="20230901 13:38:30.588"/>
</kw>
<status status="PASS" starttime="20230901 13:38:23.148" endtime="20230901 13:38:30.588"/>
</test>
<test id="s1-t4" name="User Login with Empty Data" line="60">
<kw name="Open Browser" library="SeleniumLibrary">
<arg>${WebSauceDemo}</arg>
<arg>${BROWSER}</arg>
<doc>Opens a new browser instance to the optional ``url``.</doc>
<msg timestamp="20230901 13:38:30.588" level="INFO">Opening browser 'chrome' to base url 'https://www.saucedemo.com/'.</msg>
<status status="PASS" starttime="20230901 13:38:30.588" endtime="20230901 13:38:33.988"/>
</kw>
<kw name="Click button login">
<kw name="Click Element" library="SeleniumLibrary">
<arg>${buttonLogin}</arg>
<doc>Click the element identified by ``locator``.</doc>
<msg timestamp="20230901 13:38:33.988" level="INFO">Clicking element '//*[@id="login-button"]'.</msg>
<status status="PASS" starttime="20230901 13:38:33.988" endtime="20230901 13:38:34.156"/>
</kw>
<kw name="Sleep" library="BuiltIn">
<arg>1s</arg>
<doc>Pauses the test executed for the given time.</doc>
<msg timestamp="20230901 13:38:35.157" level="INFO">Slept 1 second</msg>
<status status="PASS" starttime="20230901 13:38:34.156" endtime="20230901 13:38:35.157"/>
</kw>
<status status="PASS" starttime="20230901 13:38:33.988" endtime="20230901 13:38:35.157"/>
</kw>
<kw name="Close Browser" library="SeleniumLibrary">
<doc>Closes the current browser.</doc>
<status status="PASS" starttime="20230901 13:38:35.157" endtime="20230901 13:38:37.480"/>
</kw>
<status status="PASS" starttime="20230901 13:38:30.588" endtime="20230901 13:38:37.480"/>
</test>
<kw name="Close Browser" library="SeleniumLibrary" type="TEARDOWN">
<doc>Closes the current browser.</doc>
<status status="PASS" starttime="20230901 13:38:37.480" endtime="20230901 13:38:37.480"/>
</kw>
<status status="PASS" starttime="20230901 13:38:06.936" endtime="20230901 13:38:37.480"/>
</suite>
<statistics>
<total>
<stat pass="4" fail="0" skip="0">All Tests</stat>
</total>
<tag>
</tag>
<suite>
<stat pass="4" fail="0" skip="0" id="s1" name="Login">Login</stat>
</suite>
</statistics>
<errors>
</errors>
</robot>
